Date-Time : 2021-04-03 22:17:16,123 : Line No. : 823 - Starting new HTTPS connection (1): raw.githubusercontent.com:443
Date-Time : 2021-04-03 22:17:16,755 : Line No. : 393 - https://raw.githubusercontent.com:443 "GET /wsf/wgestion2wstock/main/wgestion_wstock.txt HTTP/1.1" 200 125
Date-Time : 2021-04-03 22:17:16,764 : Line No. : 51 - update stock set stock = stock -  2 where id = 37166
Date-Time : 2021-04-03 22:17:16,789 : Line No. : 51 - update stock set stock = stock -  2 where id = 37166
Date-Time : 2021-04-03 22:17:16,797 : Line No. : 51 - update stock set stock = stock -  2 where id = 37166
Date-Time : 2021-04-03 22:17:16,805 : Line No. : 51 - update stock set stock = stock -  2 where id = 37166
Date-Time : 2021-04-03 22:17:16,814 : Line No. : 51 - update stock set stock = stock -  2 where id = 37166
Date-Time : 2021-04-03 22:17:16,822 : Line No. : 51 - update stock set stock = stock -  2 where id = 37166
Date-Time : 2021-04-03 22:17:16,830 : Line No. : 51 - update stock set stock = stock -  2 where id = 37166
Date-Time : 2021-04-03 22:17:16,839 : Line No. : 51 - update stock set stock = stock -  2 where id = 37166
Date-Time : 2021-04-03 22:17:16,847 : Line No. : 51 - update stock set stock = stock -  2 where id = 37166
Date-Time : 2021-04-03 22:17:16,856 : Line No. : 51 - update stock set stock = stock -  2 where id = 37166
Date-Time : 2021-04-03 22:17:16,864 : Line No. : 51 - update stock set stock = stock -  2 where id = 37166
Date-Time : 2021-04-03 22:17:16,873 : Line No. : 51 - update stock set stock = stock -  2 where id = 37166
Date-Time : 2021-04-03 22:17:16,881 : Line No. : 51 - update stock set stock = stock -  2 where id = 37166
Date-Time : 2021-04-03 22:17:16,889 : Line No. : 51 - update stock set stock = stock -  1 where id = 37166
Date-Time : 2021-04-03 22:17:16,898 : Line No. : 51 - update stock set stock = stock -  2 where id = 37166
Date-Time : 2021-04-03 22:17:16,906 : Line No. : 51 - update stock set stock = stock -  2 where id = 37166
Date-Time : 2021-04-03 22:17:16,915 : Line No. : 51 - update stock set stock = stock -  2 where id = 37166
Date-Time : 2021-04-03 22:17:16,923 : Line No. : 51 - update stock set stock = stock -  2 where id = 37166
Date-Time : 2021-04-03 22:17:16,932 : Line No. : 51 - update stock set stock = stock -  2 where id = 37166
Date-Time : 2021-04-03 22:17:16,940 : Line No. : 51 - update stock set stock = stock -  1 where id = 37166
Date-Time : 2021-04-03 22:17:16,948 : Line No. : 51 - update stock set stock = stock -  1 where id = 37166
Date-Time : 2021-04-03 22:17:16,956 : Line No. : 51 - update stock set stock = stock -  1 where id = 37166
Date-Time : 2021-04-03 22:17:16,965 : Line No. : 51 - update stock set stock = stock -  1 where id = 37166
Date-Time : 2021-04-03 22:17:16,973 : Line No. : 51 - update stock set stock = stock -  1 where id = 37166
Date-Time : 2021-04-03 22:17:16,981 : Line No. : 51 - update stock set stock = stock -  1 where id = 37166
Date-Time : 2021-04-03 22:17:16,989 : Line No. : 58 - unexpected EOF while parsing (<string>, line 0)
Date-Time : 2021-04-03 22:17:16,990 : Line No. : 62 - **** Datos procesados del archivo <wgestion_wstock.txt>. Comienza en la linea: 10, termina en la linea: 36 
Date-Time : 2021-04-03 22:17:35,893 : Line No. : 823 - Starting new HTTPS connection (1): raw.githubusercontent.com:443
Date-Time : 2021-04-03 22:17:36,214 : Line No. : 393 - https://raw.githubusercontent.com:443 "GET /wsf/wgestion2wstock/main/wgestion_wstock.txt HTTP/1.1" 200 125
Date-Time : 2021-04-03 22:17:36,225 : Line No. : 62 - **** Datos procesados del archivo <wgestion_wstock.txt>. Comienza en la linea: 36, termina en la linea: 36 
Date-Time : 2021-04-03 22:17:57,261 : Line No. : 823 - Starting new HTTPS connection (1): raw.githubusercontent.com:443
Date-Time : 2021-04-03 22:17:57,454 : Line No. : 393 - https://raw.githubusercontent.com:443 "GET /wsf/wgestion2wstock/main/wgestion_wstock.txt HTTP/1.1" 200 125
Date-Time : 2021-04-03 22:17:57,464 : Line No. : 62 - **** Datos procesados del archivo <wgestion_wstock.txt>. Comienza en la linea: 36, termina en la linea: 36 
Date-Time : 2021-04-03 22:18:31,355 : Line No. : 975 - Starting new HTTPS connection (1): raw.githubusercontent.com:443
Date-Time : 2021-04-03 22:18:31,555 : Line No. : 461 - https://raw.githubusercontent.com:443 "GET /wsf/wgestion2wstock/main/wgestion_wstock.txt HTTP/1.1" 200 125
Date-Time : 2021-04-03 22:18:31,560 : Line No. : 62 - **** Datos procesados del archivo <wgestion_wstock.txt>. Comienza en la linea: 36, termina en la linea: 36 
Date-Time : 2021-04-03 22:19:02,083 : Line No. : 823 - Starting new HTTPS connection (1): raw.githubusercontent.com:443
Date-Time : 2021-04-03 22:19:02,271 : Line No. : 393 - https://raw.githubusercontent.com:443 "GET /wsf/wgestion2wstock/main/wgestion_wstock.txt HTTP/1.1" 200 125
Date-Time : 2021-04-03 22:19:02,282 : Line No. : 62 - **** Datos procesados del archivo <wgestion_wstock.txt>. Comienza en la linea: 36, termina en la linea: 36 
Date-Time : 2021-04-03 22:19:41,266 : Line No. : 823 - Starting new HTTPS connection (1): raw.githubusercontent.com:443
Date-Time : 2021-04-03 22:19:41,548 : Line No. : 393 - https://raw.githubusercontent.com:443 "GET /wsf/wgestion2wstock/main/wgestion_wstock.txt HTTP/1.1" 200 125
Date-Time : 2021-04-03 22:19:41,560 : Line No. : 62 - **** Datos procesados del archivo <wgestion_wstock.txt>. Comienza en la linea: 36, termina en la linea: 36 
Date-Time : 2021-04-03 22:20:19,831 : Line No. : 823 - Starting new HTTPS connection (1): raw.githubusercontent.com:443
Date-Time : 2021-04-03 22:20:20,038 : Line No. : 393 - https://raw.githubusercontent.com:443 "GET /wsf/wgestion2wstock/main/wgestion_wstock.txt HTTP/1.1" 200 125
Date-Time : 2021-04-03 22:20:20,047 : Line No. : 51 - update stock set stock = stock -  2 where id = 37166
Date-Time : 2021-04-03 22:20:20,063 : Line No. : 51 - update stock set stock = stock -  2 where id = 37166
Date-Time : 2021-04-03 22:20:20,072 : Line No. : 51 - update stock set stock = stock -  2 where id = 37166
Date-Time : 2021-04-03 22:20:20,080 : Line No. : 51 - update stock set stock = stock -  2 where id = 37166
Date-Time : 2021-04-03 22:20:20,089 : Line No. : 51 - update stock set stock = stock -  2 where id = 37166
Date-Time : 2021-04-03 22:20:20,097 : Line No. : 51 - update stock set stock = stock -  2 where id = 37166
Date-Time : 2021-04-03 22:20:20,106 : Line No. : 51 - update stock set stock = stock -  2 where id = 37166
Date-Time : 2021-04-03 22:20:20,114 : Line No. : 51 - update stock set stock = stock -  2 where id = 37166
Date-Time : 2021-04-03 22:20:20,122 : Line No. : 51 - update stock set stock = stock -  2 where id = 37166
Date-Time : 2021-04-03 22:20:20,130 : Line No. : 51 - update stock set stock = stock -  2 where id = 37166
Date-Time : 2021-04-03 22:20:20,139 : Line No. : 51 - update stock set stock = stock -  2 where id = 37166
Date-Time : 2021-04-03 22:20:20,147 : Line No. : 51 - update stock set stock = stock -  2 where id = 37166
Date-Time : 2021-04-03 22:20:20,156 : Line No. : 51 - update stock set stock = stock -  2 where id = 37166
Date-Time : 2021-04-03 22:20:20,164 : Line No. : 51 - update stock set stock = stock -  1 where id = 37166
Date-Time : 2021-04-03 22:20:20,172 : Line No. : 51 - update stock set stock = stock -  2 where id = 37166
Date-Time : 2021-04-03 22:20:20,181 : Line No. : 51 - update stock set stock = stock -  2 where id = 37166
Date-Time : 2021-04-03 22:20:20,189 : Line No. : 51 - update stock set stock = stock -  2 where id = 37166
Date-Time : 2021-04-03 22:20:20,198 : Line No. : 51 - update stock set stock = stock -  2 where id = 37166
Date-Time : 2021-04-03 22:20:20,206 : Line No. : 51 - update stock set stock = stock -  2 where id = 37166
Date-Time : 2021-04-03 22:20:20,214 : Line No. : 51 - update stock set stock = stock -  1 where id = 37166
Date-Time : 2021-04-03 22:20:20,222 : Line No. : 51 - update stock set stock = stock -  1 where id = 37166
Date-Time : 2021-04-03 22:20:20,231 : Line No. : 51 - update stock set stock = stock -  1 where id = 37166
Date-Time : 2021-04-03 22:20:20,239 : Line No. : 51 - update stock set stock = stock -  1 where id = 37166
Date-Time : 2021-04-03 22:20:20,247 : Line No. : 51 - update stock set stock = stock -  1 where id = 37166
Date-Time : 2021-04-03 22:20:20,256 : Line No. : 51 - update stock set stock = stock -  1 where id = 37166
Date-Time : 2021-04-03 22:20:20,264 : Line No. : 58 - unexpected EOF while parsing (<string>, line 0)
Date-Time : 2021-04-03 22:20:20,265 : Line No. : 62 - **** Datos procesados del archivo <wgestion_wstock.txt>. Comienza en la linea: 10, termina en la linea: 36 
Date-Time : 2021-04-03 22:30:10,096 : Line No. : 823 - Starting new HTTPS connection (1): raw.githubusercontent.com:443
Date-Time : 2021-04-03 22:30:10,542 : Line No. : 393 - https://raw.githubusercontent.com:443 "GET /wsf/wgestion2wstock/main/wgestion_wstock.txt HTTP/1.1" 200 125
Date-Time : 2021-04-03 22:30:10,554 : Line No. : 70 - **** Datos procesados del archivo <wgestion_wstock.txt>. Comienza en la linea: 36, termina en la linea: 36 
Date-Time : 2021-04-04 12:07:07,206 : Line No. : 823 - Starting new HTTPS connection (1): raw.githubusercontent.com:443
Date-Time : 2021-04-04 12:07:08,409 : Line No. : 393 - https://raw.githubusercontent.com:443 "GET /wsf/wgestion2wstock/main/wgestion_wstock.txt HTTP/1.1" 200 125
Date-Time : 2021-04-04 12:07:08,418 : Line No. : 59 - update stock set stock = stock -  2 where id = 37166
Date-Time : 2021-04-04 12:07:08,459 : Line No. : 59 - update stock set stock = stock -  2 where id = 37166
Date-Time : 2021-04-04 12:07:08,467 : Line No. : 59 - update stock set stock = stock -  2 where id = 37166
Date-Time : 2021-04-04 12:07:08,476 : Line No. : 59 - update stock set stock = stock -  1 where id = 37166
Date-Time : 2021-04-04 12:07:08,483 : Line No. : 59 - update stock set stock = stock -  2 where id = 37166
Date-Time : 2021-04-04 12:07:08,492 : Line No. : 59 - update stock set stock = stock -  2 where id = 37166
Date-Time : 2021-04-04 12:07:08,500 : Line No. : 59 - update stock set stock = stock -  2 where id = 37166
Date-Time : 2021-04-04 12:07:08,508 : Line No. : 59 - update stock set stock = stock -  2 where id = 37166
Date-Time : 2021-04-04 12:07:08,517 : Line No. : 59 - update stock set stock = stock -  2 where id = 37166
Date-Time : 2021-04-04 12:07:08,525 : Line No. : 59 - update stock set stock = stock -  1 where id = 37166
Date-Time : 2021-04-04 12:07:08,533 : Line No. : 59 - update stock set stock = stock -  1 where id = 37166
Date-Time : 2021-04-04 12:07:08,542 : Line No. : 59 - update stock set stock = stock -  1 where id = 37166
Date-Time : 2021-04-04 12:07:08,550 : Line No. : 59 - update stock set stock = stock -  1 where id = 37166
Date-Time : 2021-04-04 12:07:08,558 : Line No. : 59 - update stock set stock = stock -  1 where id = 37166
Date-Time : 2021-04-04 12:07:08,566 : Line No. : 59 - update stock set stock = stock -  1 where id = 37166
Date-Time : 2021-04-04 12:07:08,575 : Line No. : 66 - unexpected EOF while parsing (<string>, line 0)
Date-Time : 2021-04-04 12:07:08,575 : Line No. : 70 - **** Datos procesados del archivo <wgestion_wstock.txt>. Comienza en la linea: 20, termina en la linea: 36 
Date-Time : 2021-04-04 12:08:20,429 : Line No. : 823 - Starting new HTTPS connection (1): raw.githubusercontent.com:443
Date-Time : 2021-04-04 12:08:23,255 : Line No. : 393 - https://raw.githubusercontent.com:443 "GET /wsf/wgestion2wstock/main/wgestion_wstock.txt HTTP/1.1" 200 125
Date-Time : 2021-04-04 12:08:23,265 : Line No. : 59 - update stock set stock = stock -  2 where id = 37166
Date-Time : 2021-04-04 12:08:23,281 : Line No. : 59 - update stock set stock = stock -  2 where id = 37166
Date-Time : 2021-04-04 12:08:23,289 : Line No. : 59 - update stock set stock = stock -  2 where id = 37166
Date-Time : 2021-04-04 12:08:23,297 : Line No. : 59 - update stock set stock = stock -  2 where id = 37166
Date-Time : 2021-04-04 12:08:23,305 : Line No. : 59 - update stock set stock = stock -  2 where id = 37166
Date-Time : 2021-04-04 12:08:23,314 : Line No. : 59 - update stock set stock = stock -  2 where id = 37166
Date-Time : 2021-04-04 12:08:23,322 : Line No. : 59 - update stock set stock = stock -  2 where id = 37166
Date-Time : 2021-04-04 12:08:23,330 : Line No. : 59 - update stock set stock = stock -  2 where id = 37166
Date-Time : 2021-04-04 12:08:23,338 : Line No. : 59 - update stock set stock = stock -  2 where id = 37166
Date-Time : 2021-04-04 12:08:23,346 : Line No. : 59 - update stock set stock = stock -  2 where id = 37166
Date-Time : 2021-04-04 12:08:23,355 : Line No. : 59 - update stock set stock = stock -  2 where id = 37166
Date-Time : 2021-04-04 12:08:23,363 : Line No. : 59 - update stock set stock = stock -  2 where id = 37166
Date-Time : 2021-04-04 12:08:23,371 : Line No. : 59 - update stock set stock = stock -  2 where id = 37166
Date-Time : 2021-04-04 12:08:23,379 : Line No. : 59 - update stock set stock = stock -  1 where id = 37166
Date-Time : 2021-04-04 12:08:23,388 : Line No. : 59 - update stock set stock = stock -  2 where id = 37166
Date-Time : 2021-04-04 12:08:23,396 : Line No. : 59 - update stock set stock = stock -  2 where id = 37166
Date-Time : 2021-04-04 12:08:23,405 : Line No. : 59 - update stock set stock = stock -  2 where id = 37166
Date-Time : 2021-04-04 12:08:23,413 : Line No. : 59 - update stock set stock = stock -  2 where id = 37166
Date-Time : 2021-04-04 12:08:23,421 : Line No. : 59 - update stock set stock = stock -  2 where id = 37166
Date-Time : 2021-04-04 12:08:23,429 : Line No. : 59 - update stock set stock = stock -  1 where id = 37166
Date-Time : 2021-04-04 12:08:23,438 : Line No. : 59 - update stock set stock = stock -  1 where id = 37166
Date-Time : 2021-04-04 12:08:23,446 : Line No. : 59 - update stock set stock = stock -  1 where id = 37166
Date-Time : 2021-04-04 12:08:23,455 : Line No. : 59 - update stock set stock = stock -  1 where id = 37166
Date-Time : 2021-04-04 12:08:23,463 : Line No. : 59 - update stock set stock = stock -  1 where id = 37166
Date-Time : 2021-04-04 12:08:23,471 : Line No. : 59 - update stock set stock = stock -  1 where id = 37166
Date-Time : 2021-04-04 12:08:23,480 : Line No. : 66 - unexpected EOF while parsing (<string>, line 0)
Date-Time : 2021-04-04 12:08:23,481 : Line No. : 70 - **** Datos procesados del archivo <wgestion_wstock.txt>. Comienza en la linea: 10, termina en la linea: 36 
Date-Time : 2021-04-04 12:14:05,596 : Line No. : 823 - Starting new HTTPS connection (1): raw.githubusercontent.com:443
Date-Time : 2021-04-04 12:14:06,154 : Line No. : 393 - https://raw.githubusercontent.com:443 "GET /wsf/wgestion2wstock/main/wgestion_wstock.txt HTTP/1.1" 200 125
Date-Time : 2021-04-04 12:14:06,165 : Line No. : 74 - **** Datos procesados del archivo <wgestion_wstock.txt>. Comienza en la linea: 36, termina en la linea: 36 
Date-Time : 2021-04-04 12:14:36,831 : Line No. : 823 - Starting new HTTPS connection (1): raw.githubusercontent.com:443
Date-Time : 2021-04-04 12:14:37,062 : Line No. : 393 - https://raw.githubusercontent.com:443 "GET /wsf/wgestion2wstock/main/wgestion_wstock.txt HTTP/1.1" 200 125
Date-Time : 2021-04-04 12:14:37,076 : Line No. : 78 - **** Datos procesados del archivo <wgestion_wstock.txt>. Comienza en la linea: 36, termina en la linea: 36 
Date-Time : 2021-04-04 12:18:09,464 : Line No. : 823 - Starting new HTTPS connection (1): raw.githubusercontent.com:443
Date-Time : 2021-04-04 12:18:10,661 : Line No. : 393 - https://raw.githubusercontent.com:443 "GET /wsf/wgestion2wstock/main/wgestion_wstock.txt HTTP/1.1" 200 125
Date-Time : 2021-04-04 12:18:10,671 : Line No. : 80 - **** Datos procesados del archivo <wgestion_wstock.txt>. Comienza en la linea: 36, termina en la linea: 36 
Date-Time : 2021-04-04 12:18:26,345 : Line No. : 823 - Starting new HTTPS connection (1): raw.githubusercontent.com:443
Date-Time : 2021-04-04 12:18:26,575 : Line No. : 393 - https://raw.githubusercontent.com:443 "GET /wsf/wgestion2wstock/main/wgestion_wstock.txt HTTP/1.1" 200 125
Date-Time : 2021-04-04 12:18:26,583 : Line No. : 80 - **** Datos procesados del archivo <wgestion_wstock.txt>. Comienza en la linea: 36, termina en la linea: 36 
Date-Time : 2021-04-04 12:18:48,534 : Line No. : 823 - Starting new HTTPS connection (1): raw.githubusercontent.com:443
Date-Time : 2021-04-04 12:18:48,737 : Line No. : 393 - https://raw.githubusercontent.com:443 "GET /wsf/wgestion2wstock/main/wgestion_wstock.txt HTTP/1.1" 200 125
Date-Time : 2021-04-04 12:18:48,753 : Line No. : 80 - **** Datos procesados del archivo <wgestion_wstock.txt>. Comienza en la linea: 36, termina en la linea: 36 
Date-Time : 2021-04-04 12:21:03,471 : Line No. : 823 - Starting new HTTPS connection (1): raw.githubusercontent.com:443
Date-Time : 2021-04-04 12:21:04,010 : Line No. : 393 - https://raw.githubusercontent.com:443 "GET /wsf/wgestion2wstock/main/wgestion_wstock.txt HTTP/1.1" 200 125
Date-Time : 2021-04-04 12:21:04,021 : Line No. : 66 - update stock set stock = stock -  2 where id = 37166
Date-Time : 2021-04-04 12:21:42,989 : Line No. : 823 - Starting new HTTPS connection (1): raw.githubusercontent.com:443
Date-Time : 2021-04-04 12:21:43,190 : Line No. : 393 - https://raw.githubusercontent.com:443 "GET /wsf/wgestion2wstock/main/wgestion_wstock.txt HTTP/1.1" 200 125
Date-Time : 2021-04-04 12:21:43,197 : Line No. : 66 - update stock set stock = stock -  2 where id = 37166
Date-Time : 2021-04-04 12:21:51,832 : Line No. : 66 - update stock set stock = stock -  2 where id = 37166
Date-Time : 2021-04-04 12:21:54,501 : Line No. : 66 - update stock set stock = stock -  2 where id = 37166
